
Showing logs for build [32mcb-kubecd-environment-pr-202-2-xnpx7-1[0m stage [32mfrom-build-pack[0m and container [32mstep-credential-initializer-zdpln[0m
{"level":"info","ts":1587007900.2320504,"logger":"fallback-logger","caller":"logging/config.go:69","msg":"Fetch GitHub commit ID from kodata failed: open /var/run/ko/refs/heads/0.8.0-ns-support: no such file or directory"}
{"level":"info","ts":1587007900.2328603,"logger":"fallback-logger","caller":"creds-init/main.go:40","msg":"Credentials initialized."}

Showing logs for build [32mcb-kubecd-environment-pr-202-2-xnpx7-1[0m stage [32mfrom-build-pack[0m and container [32mstep-working-dir-initializer-rvfdv[0m
{"level":"info","ts":1587007901.2800689,"logger":"fallback-logger","caller":"logging/config.go:69","msg":"Fetch GitHub commit ID from kodata failed: open /var/run/ko/HEAD: no such file or directory"}
{"level":"info","ts":1587007901.2813625,"logger":"fallback-logger","caller":"bash/main.go:64","msg":"Successfully executed command \"sh -c mkdir -p /workspace/source\"; output "}

Showing logs for build [32mcb-kubecd-environment-pr-202-2-xnpx7-1[0m stage [32mfrom-build-pack[0m and container [32mstep-place-tools[0m

Showing logs for build [32mcb-kubecd-environment-pr-202-2-xnpx7-1[0m stage [32mfrom-build-pack[0m and container [32mstep-git-source-cb-kubecd-environment-pr-202-2-xnpx7-8jb6x[0m
{"level":"info","ts":1587007904.4784818,"logger":"fallback-logger","caller":"logging/config.go:69","msg":"Fetch GitHub commit ID from kodata failed: open /var/run/ko/refs/heads/0.8.0-ns-support: no such file or directory"}
{"level":"info","ts":1587007905.6346009,"logger":"fallback-logger","caller":"git/git.go:103","msg":"Successfully cloned https://github.com/cb-kubecd/environment-pr-202-2-boot-vault-gke-staging.git @ master in path /workspace/source"}

Showing logs for build [32mcb-kubecd-environment-pr-202-2-xnpx7-1[0m stage [32mfrom-build-pack[0m and container [32mstep-git-merge[0m
Using SHAs from PULL_REFS=master:ce4b4ef308138fd60744da33959a6db5f78eecf0,4:9e7605b1eaab55c56140d7eff869d377f2fe9aa4
DEBUG: LC_ALL=C JX_LOG_LEVEL=error git fetch origin --unshallow 9e7605b1eaab55c56140d7eff869d377f2fe9aa4: ce4b4ef308138fd60744da33959a6db5f78eecf0:
DEBUG: ran git fetch --unshallow origin 9e7605b1eaab55c56140d7eff869d377f2fe9aa4: ce4b4ef308138fd60744da33959a6db5f78eecf0: in 
DEBUG: LC_ALL=C JX_LOG_LEVEL=error git branch
DEBUG: LC_ALL=C JX_LOG_LEVEL=error git checkout master
DEBUG: ran git checkout master in 
DEBUG: LC_ALL=C JX_LOG_LEVEL=error git reset --hard ce4b4ef308138fd60744da33959a6db5f78eecf0
DEBUG: ran git reset --hard ce4b4ef308138fd60744da33959a6db5f78eecf0 in 
DEBUG: LC_ALL=C JX_LOG_LEVEL=error git clean -fd .
DEBUG: ran clean --force -d . in 
DEBUG: LC_ALL=C JX_LOG_LEVEL=error git merge 9e7605b1eaab55c56140d7eff869d377f2fe9aa4
DEBUG: ran git merge 9e7605b1eaab55c56140d7eff869d377f2fe9aa4 in 
DEBUG: LC_ALL=C JX_LOG_LEVEL=error git log --format=%H%x1f%an%x1f%ae%x1f%cn%x1f%ce%x1f%s%n%b%x1e ce4b4ef308138fd60744da33959a6db5f78eecf0..HEAD
Merged SHA 9e7605b1eaab55c56140d7eff869d377f2fe9aa4 with commit message 'chore: Promote bdd-nh-1587005760 to version 0.0.1' into base branch master

Showing logs for build [32mcb-kubecd-environment-pr-202-2-xnpx7-1[0m stage [32mfrom-build-pack[0m and container [32mstep-build-helm-build[0m
WARNING: No $CHART_REPOSITORY defined so using the default value of: http://jenkins-x-chartmuseum:8080
Adding missing Helm repo: storage.googleapis.com https://storage.googleapis.com/chartmuseum.jenkins-x.io
WARNING: No secrets found on "helm/repos" due: reading the secret "helm/repos" from vault: no secret "helm/repos" not found in vault
Read credentials for https://storage.googleapis.com/chartmuseum.jenkins-x.io from vault helm/repos
Successfully added Helm repository storage.googleapis.com.
Adding missing Helm repo: jenkins-x-chartmuseum http://jenkins-x-chartmuseum:8080
WARNING: No secrets found on "helm/repos" due: reading the secret "helm/repos" from vault: no secret "helm/repos" not found in vault
Read credentials for http://jenkins-x-chartmuseum:8080 from vault helm/repos
Successfully added Helm repository jenkins-x-chartmuseum.
WARNING: No $CHART_REPOSITORY defined so using the default value of: http://jenkins-x-chartmuseum:8080
Adding missing Helm repo: chartmuseum.jenkins-x.io http://chartmuseum.jenkins-x.io
WARNING: No secrets found on "helm/repos" due: reading the secret "helm/repos" from vault: no secret "helm/repos" not found in vault
Read credentials for http://chartmuseum.jenkins-x.io from vault helm/repos
Successfully added Helm repository chartmuseum.jenkins-x.io.
