
Showing logs for build [32mcb-kubecd-environment-pr-202-2-jpptd-1[0m stage [32mfrom-build-pack[0m and container [32mstep-credential-initializer-6rdxq[0m
{"level":"info","ts":1587004630.2860796,"logger":"fallback-logger","caller":"logging/config.go:69","msg":"Fetch GitHub commit ID from kodata failed: open /var/run/ko/refs/heads/0.8.0-ns-support: no such file or directory"}
{"level":"info","ts":1587004630.2870197,"logger":"fallback-logger","caller":"creds-init/main.go:40","msg":"Credentials initialized."}

Showing logs for build [32mcb-kubecd-environment-pr-202-2-jpptd-1[0m stage [32mfrom-build-pack[0m and container [32mstep-working-dir-initializer-4gqbd[0m
{"level":"info","ts":1587004630.8750384,"logger":"fallback-logger","caller":"logging/config.go:69","msg":"Fetch GitHub commit ID from kodata failed: open /var/run/ko/HEAD: no such file or directory"}
{"level":"info","ts":1587004630.8762949,"logger":"fallback-logger","caller":"bash/main.go:64","msg":"Successfully executed command \"sh -c mkdir -p /workspace/source\"; output "}

Showing logs for build [32mcb-kubecd-environment-pr-202-2-jpptd-1[0m stage [32mfrom-build-pack[0m and container [32mstep-place-tools[0m

Showing logs for build [32mcb-kubecd-environment-pr-202-2-jpptd-1[0m stage [32mfrom-build-pack[0m and container [32mstep-git-source-cb-kubecd-environment-pr-202-2-jpptd-bdwb5[0m
{"level":"info","ts":1587004634.9785259,"logger":"fallback-logger","caller":"logging/config.go:69","msg":"Fetch GitHub commit ID from kodata failed: open /var/run/ko/refs/heads/0.8.0-ns-support: no such file or directory"}
{"level":"info","ts":1587004636.1411586,"logger":"fallback-logger","caller":"git/git.go:103","msg":"Successfully cloned https://github.com/cb-kubecd/environment-pr-202-2-boot-vault-gke-staging.git @ master in path /workspace/source"}

Showing logs for build [32mcb-kubecd-environment-pr-202-2-jpptd-1[0m stage [32mfrom-build-pack[0m and container [32mstep-git-merge[0m
Using SHAs from PULL_REFS=master:16ad30ac0070ce64f853ecb2d6eaec2ce8553c53,1:44491fb4ac6ba1c4ecd7e04e5c3e0868034560a3
DEBUG: LC_ALL=C JX_LOG_LEVEL=error git fetch origin --unshallow 44491fb4ac6ba1c4ecd7e04e5c3e0868034560a3: 16ad30ac0070ce64f853ecb2d6eaec2ce8553c53:
DEBUG: ran git fetch --unshallow origin 44491fb4ac6ba1c4ecd7e04e5c3e0868034560a3: 16ad30ac0070ce64f853ecb2d6eaec2ce8553c53: in 
DEBUG: LC_ALL=C JX_LOG_LEVEL=error git branch
DEBUG: LC_ALL=C JX_LOG_LEVEL=error git checkout master
DEBUG: ran git checkout master in 
DEBUG: LC_ALL=C JX_LOG_LEVEL=error git reset --hard 16ad30ac0070ce64f853ecb2d6eaec2ce8553c53
DEBUG: ran git reset --hard 16ad30ac0070ce64f853ecb2d6eaec2ce8553c53 in 
DEBUG: LC_ALL=C JX_LOG_LEVEL=error git clean -fd .
DEBUG: ran clean --force -d . in 
DEBUG: LC_ALL=C JX_LOG_LEVEL=error git merge 44491fb4ac6ba1c4ecd7e04e5c3e0868034560a3
DEBUG: ran git merge 44491fb4ac6ba1c4ecd7e04e5c3e0868034560a3 in 
DEBUG: LC_ALL=C JX_LOG_LEVEL=error git log --format=%H%x1f%an%x1f%ae%x1f%cn%x1f%ce%x1f%s%n%b%x1e 16ad30ac0070ce64f853ecb2d6eaec2ce8553c53..HEAD
Merged SHA 44491fb4ac6ba1c4ecd7e04e5c3e0868034560a3 with commit message 'chore: Promote bdd-spring-1587004252 to version 0.0.1' into base branch master

Showing logs for build [32mcb-kubecd-environment-pr-202-2-jpptd-1[0m stage [32mfrom-build-pack[0m and container [32mstep-build-helm-build[0m
WARNING: No $CHART_REPOSITORY defined so using the default value of: http://jenkins-x-chartmuseum:8080
Adding missing Helm repo: storage.googleapis.com https://storage.googleapis.com/chartmuseum.jenkins-x.io
WARNING: No secrets found on "helm/repos" due: reading the secret "helm/repos" from vault: no secret "helm/repos" not found in vault
Read credentials for https://storage.googleapis.com/chartmuseum.jenkins-x.io from vault helm/repos
Successfully added Helm repository storage.googleapis.com.
Adding missing Helm repo: jenkins-x-chartmuseum http://jenkins-x-chartmuseum:8080
WARNING: No secrets found on "helm/repos" due: reading the secret "helm/repos" from vault: no secret "helm/repos" not found in vault
Read credentials for http://jenkins-x-chartmuseum:8080 from vault helm/repos
Successfully added Helm repository jenkins-x-chartmuseum.
WARNING: No $CHART_REPOSITORY defined so using the default value of: http://jenkins-x-chartmuseum:8080
Adding missing Helm repo: chartmuseum.jenkins-x.io http://chartmuseum.jenkins-x.io
WARNING: No secrets found on "helm/repos" due: reading the secret "helm/repos" from vault: no secret "helm/repos" not found in vault
Read credentials for http://chartmuseum.jenkins-x.io from vault helm/repos
Successfully added Helm repository chartmuseum.jenkins-x.io.
